  c_LevelOne.cpp
c:\users\irfan\desktop\sp2(github)\sp\opengl\source\c_levelone.cpp(18): warning C4067: unexpected tokens following preprocessor directive - expected a newline
c:\users\irfan\desktop\sp2(github)\sp\opengl\source\c_levelone.cpp(45): warning C4244: 'argument': conversion from 'time_t' to 'unsigned int', possible loss of data
c:\users\irfan\desktop\sp2(github)\sp\opengl\source\c_levelone.cpp(259): warning C4305: 'argument': truncation from 'double' to 'float'
c:\users\irfan\desktop\sp2(github)\sp\opengl\source\c_levelone.cpp(299): warning C4244: '-=': conversion from 'double' to 'float', possible loss of data
c:\users\irfan\desktop\sp2(github)\sp\opengl\source\c_levelone.cpp(300): warning C4244: '=': conversion from 'double' to 'float', possible loss of data
c:\users\irfan\desktop\sp2(github)\sp\opengl\source\c_levelone.cpp(358): warning C4018: '<': signed/unsigned mismatch
c:\users\irfan\desktop\sp2(github)\sp\opengl\source\c_levelone.cpp(374): warning C4018: '<': signed/unsigned mismatch
c:\users\irfan\desktop\sp2(github)\sp\opengl\source\c_levelone.cpp(1088): warning C4305: 'argument': truncation from 'double' to 'float'
c:\users\irfan\desktop\sp2(github)\sp\opengl\source\c_levelone.cpp(1093): warning C4305: 'argument': truncation from 'double' to 'float'
c:\users\irfan\desktop\sp2(github)\sp\opengl\source\c_levelone.cpp(1228): warning C4305: 'argument': truncation from 'double' to 'float'
c:\users\irfan\desktop\sp2(github)\sp\opengl\source\c_levelone.cpp(1343): warning C4244: '+=': conversion from 'double' to 'float', possible loss of data
c:\users\irfan\desktop\sp2(github)\sp\opengl\source\c_levelone.cpp(1399): warning C4305: 'argument': truncation from 'double' to 'float'
c:\users\irfan\desktop\sp2(github)\sp\opengl\source\c_levelone.cpp(1402): warning C4305: 'argument': truncation from 'double' to 'float'
c:\users\irfan\desktop\sp2(github)\sp\opengl\source\c_levelone.cpp(1602): warning C4305: 'argument': truncation from 'double' to 'float'
c:\users\irfan\desktop\sp2(github)\sp\opengl\source\c_levelone.cpp(1617): warning C4244: '=': conversion from 'float' to 'int', possible loss of data
c:\users\irfan\desktop\sp2(github)\sp\opengl\source\c_levelone.cpp(1617): warning C4244: '=': conversion from 'int' to 'float', possible loss of data
  Generating code
  0 of 1681 functions ( 0.0%) were compiled, the rest were copied from previous compilation.
    0 functions were new in current compilation
    0 functions had inline decision re-evaluated but remain unchanged
  Finished generating code
  OpenGL.vcxproj -> C:\Users\irfan\Desktop\Sp2(Github)\SP\Release\OpenGL.exe
