c:\users\asus\desktop\sp2\sp\opengl\release\application.obj
c:\users\asus\desktop\sp2\sp\opengl\release\camera.obj
c:\users\asus\desktop\sp2\sp\opengl\release\c_carbaseclass.obj
c:\users\asus\desktop\sp2\sp\opengl\release\c_collision.obj
c:\users\asus\desktop\sp2\sp\opengl\release\c_entity.obj
c:\users\asus\desktop\sp2\sp\opengl\release\c_firstcar.obj
c:\users\asus\desktop\sp2\sp\opengl\release\c_garage.obj
c:\users\asus\desktop\sp2\sp\opengl\release\c_levelone.obj
c:\users\asus\desktop\sp2\sp\opengl\release\c_mainmenu.obj
c:\users\asus\desktop\sp2\sp\opengl\release\c_npc.obj
c:\users\asus\desktop\sp2\sp\opengl\release\c_objectmanager.obj
c:\users\asus\desktop\sp2\sp\opengl\release\c_scenemanager.obj
c:\users\asus\desktop\sp2\sp\opengl\release\c_sound.obj
c:\users\asus\desktop\sp2\sp\opengl\release\firstpersoncamera.obj
c:\users\asus\desktop\sp2\sp\opengl\release\loadobj.obj
c:\users\asus\desktop\sp2\sp\opengl\release\loadtga.obj
c:\users\asus\desktop\sp2\sp\opengl\release\main.obj
c:\users\asus\desktop\sp2\sp\opengl\release\mesh.obj
c:\users\asus\desktop\sp2\sp\opengl\release\meshbuilder.obj
c:\users\asus\desktop\sp2\sp\opengl\release\npccamera.obj
c:\users\asus\desktop\sp2\sp\opengl\release\shader.obj
c:\users\asus\desktop\sp2\sp\opengl\release\utility.obj
