e:\sidm\year 1\semester 2\computer graphics\opengl\opengl\debug\vc141.pdb
e:\sidm\year 1\semester 2\computer graphics\opengl\opengl\debug\vc141.idb
e:\sidm\year 1\semester 2\computer graphics\opengl\opengl\debug\firstpersoncamera.obj
e:\sidm\year 1\semester 2\computer graphics\opengl\opengl\debug\assignment02.obj
e:\sidm\year 1\semester 2\computer graphics\opengl\opengl\debug\utility.obj
e:\sidm\year 1\semester 2\computer graphics\opengl\opengl\debug\shader.obj
e:\sidm\year 1\semester 2\computer graphics\opengl\opengl\debug\scenelight.obj
e:\sidm\year 1\semester 2\computer graphics\opengl\opengl\debug\main.obj
e:\sidm\year 1\semester 2\computer graphics\opengl\opengl\debug\application.obj
e:\sidm\year 1\semester 2\computer graphics\opengl\opengl\debug\meshbuilder.obj
e:\sidm\year 1\semester 2\computer graphics\opengl\opengl\debug\mesh.obj
e:\sidm\year 1\semester 2\computer graphics\opengl\opengl\debug\loadtga.obj
e:\sidm\year 1\semester 2\computer graphics\opengl\opengl\debug\camera.obj
e:\sidm\year 1\semester 2\computer graphics\opengl\opengl\debug\assignment01.obj
e:\sidm\year 1\semester 2\computer graphics\opengl\opengl\debug\scenetexture.obj
e:\sidm\year 1\semester 2\computer graphics\opengl\opengl\debug\sceneskybox.obj
e:\sidm\year 1\semester 2\computer graphics\opengl\opengl\debug\scenemodel.obj
e:\sidm\year 1\semester 2\computer graphics\opengl\opengl\debug\loadobj.obj
e:\sidm\year 1\semester 2\computer graphics\opengl\opengl\debug\lighting.obj
e:\sidm\year 1\semester 2\computer graphics\opengl\opengl\debug\scenetext.obj
e:\sidm\year 1\semester 2\computer graphics\opengl\opengl\debug\gun.obj
e:\sidm\year 1\semester 2\computer graphics\opengl\opengl\debug\m4a1.obj
e:\sidm\year 1\semester 2\computer graphics\opengl\opengl\debug\deagle.obj
d:\users\539\desktop\sp2\sp\opengl\debug\vc141.pdb
d:\users\539\desktop\sp2\sp\opengl\debug\vc141.idb
d:\users\539\desktop\sp2\sp\opengl\debug\game.obj
d:\users\539\desktop\sp2\sp\opengl\debug\utility.obj
d:\users\539\desktop\sp2\sp\opengl\debug\shader.obj
d:\users\539\desktop\sp2\sp\opengl\debug\main.obj
d:\users\539\desktop\sp2\sp\opengl\debug\application.obj
d:\users\539\desktop\sp2\sp\opengl\debug\meshbuilder.obj
d:\users\539\desktop\sp2\sp\opengl\debug\mesh.obj
d:\users\539\desktop\sp2\sp\opengl\debug\loadtga.obj
d:\users\539\desktop\sp2\sp\opengl\debug\camera.obj
d:\users\539\desktop\sp2\sp\opengl\debug\loadobj.obj
d:\users\539\desktop\sp2\sp\opengl\debug\firstpersoncamera.obj
d:\users\539\desktop\sp2\sp\opengl\debug\c_render.obj
d:\users\539\desktop\sp2\sp\opengl\debug\c_collision.obj
e:\sidm\year 1\semester 2\computer graphics\opengl\debug\opengl.exe
e:\sidm\year 1\semester 2\computer graphics\opengl\debug\opengl.ilk
e:\sidm\year 1\semester 2\computer graphics\opengl\debug\opengl.pdb
d:\users\539\desktop\sp2\sp\opengl\debug\assignment01.obj
d:\users\539\desktop\sp2\sp\opengl\debug\assignment02.obj
d:\users\539\desktop\sp2\sp\opengl\debug\deagle.obj
d:\users\539\desktop\sp2\sp\opengl\debug\fpscamera.obj
d:\users\539\desktop\sp2\sp\opengl\debug\gun.obj
d:\users\539\desktop\sp2\sp\opengl\debug\lighting.obj
d:\users\539\desktop\sp2\sp\opengl\debug\m4a1.obj
d:\users\539\desktop\sp2\sp\opengl\debug\scenelight.obj
d:\users\539\desktop\sp2\sp\opengl\debug\scenemodel.obj
d:\users\539\desktop\sp2\sp\opengl\debug\sceneskybox.obj
d:\users\539\desktop\sp2\sp\opengl\debug\scenetext.obj
d:\users\539\desktop\sp2\sp\opengl\debug\scenetexture.obj
d:\users\539\desktop\sp2\sp\debug\opengl.pdb
d:\users\539\desktop\sp2\sp\debug\opengl.exe
d:\users\539\desktop\sp2\sp\debug\opengl.ilk
d:\users\539\desktop\sp2\sp\opengl\debug\opengl.tlog\cl.command.1.tlog
d:\users\539\desktop\sp2\sp\opengl\debug\opengl.tlog\cl.read.1.tlog
d:\users\539\desktop\sp2\sp\opengl\debug\opengl.tlog\cl.write.1.tlog
d:\users\539\desktop\sp2\sp\opengl\debug\opengl.tlog\link.command.1.tlog
d:\users\539\desktop\sp2\sp\opengl\debug\opengl.tlog\link.read.1.tlog
d:\users\539\desktop\sp2\sp\opengl\debug\opengl.tlog\link.write.1.tlog
