<<<<<<< HEAD
d:\users\539\desktop\sp2\sp\common\debug\common.pdb
d:\users\539\desktop\sp2\sp\common\debug\common.idb
d:\users\539\desktop\sp2\sp\common\debug\timer.obj
d:\users\539\desktop\sp2\sp\common\debug\vector3.obj
d:\users\539\desktop\sp2\sp\common\debug\mtx44.obj
d:\users\539\desktop\sp2\sp\common\debug\matrixstack.obj
d:\users\539\desktop\sp2\sp\debug\common.lib
d:\users\539\desktop\sp2\sp\debug\common.pdb
d:\users\539\desktop\sp2\sp\common\debug\common.tlog\cl.command.1.tlog
d:\users\539\desktop\sp2\sp\common\debug\common.tlog\cl.read.1.tlog
d:\users\539\desktop\sp2\sp\common\debug\common.tlog\cl.write.1.tlog
d:\users\539\desktop\sp2\sp\common\debug\common.tlog\lib-link.read.1.tlog
d:\users\539\desktop\sp2\sp\common\debug\common.tlog\lib-link.write.1.tlog
d:\users\539\desktop\sp2\sp\common\debug\common.tlog\lib.command.1.tlog
=======
c:\users\marc-\documents\github\sp\common\debug\common.pdb
c:\users\marc-\documents\github\sp\common\debug\common.idb
c:\users\marc-\documents\github\sp\common\debug\vector3.obj
c:\users\marc-\documents\github\sp\common\debug\timer.obj
c:\users\marc-\documents\github\sp\common\debug\mtx44.obj
c:\users\marc-\documents\github\sp\common\debug\matrixstack.obj
c:\users\marc-\documents\github\sp\debug\common.lib
c:\users\marc-\documents\github\sp\debug\common.pdb
c:\users\marc-\documents\github\sp\common\debug\common.tlog\cl.command.1.tlog
c:\users\marc-\documents\github\sp\common\debug\common.tlog\cl.read.1.tlog
c:\users\marc-\documents\github\sp\common\debug\common.tlog\cl.write.1.tlog
c:\users\marc-\documents\github\sp\common\debug\common.tlog\lib-link.read.1.tlog
c:\users\marc-\documents\github\sp\common\debug\common.tlog\lib-link.write.1.tlog
c:\users\marc-\documents\github\sp\common\debug\common.tlog\lib.command.1.tlog
>>>>>>> Marc
